  main.cpp
C:\Users\Dimon\Desktop\interview\BallCollision\main.cpp(61,30): warning C4244: 'initializing': conversion from 'double' to 'float', possible loss of data
C:\Users\Dimon\Desktop\interview\BallCollision\main.cpp(62,31): warning C4244: 'initializing': conversion from 'double' to 'float', possible loss of data
C:\Users\Dimon\Desktop\interview\BallCollision\main.cpp(96,15): warning C4244: 'argument': conversion from 'time_t' to 'unsigned int', possible loss of data
C:\Users\Dimon\Desktop\interview\BallCollision\main.cpp(104,23): warning C4244: '=': conversion from 'int' to 'float', possible loss of data
C:\Users\Dimon\Desktop\interview\BallCollision\main.cpp(105,30): warning C4244: '=': conversion from 'int' to 'T', possible loss of data
          with
          [
              T=float
          ]
C:\Users\Dimon\Desktop\interview\BallCollision\main.cpp(106,30): warning C4244: '=': conversion from 'int' to 'T', possible loss of data
          with
          [
              T=float
          ]
C:\Users\Dimon\Desktop\interview\BallCollision\main.cpp(107,46): warning C4244: '=': conversion from 'double' to 'T', possible loss of data
          with
          [
              T=float
          ]
C:\Users\Dimon\Desktop\interview\BallCollision\main.cpp(108,46): warning C4244: '=': conversion from 'double' to 'T', possible loss of data
          with
          [
              T=float
          ]
C:\Users\Dimon\Desktop\interview\BallCollision\main.cpp(109,28): warning C4244: '=': conversion from 'int' to 'float', possible loss of data
C:\Users\Dimon\Desktop\interview\BallCollision\main.cpp(143,26): warning C4305: 'initializing': truncation from 'double' to 'float'
  BallCollision.vcxproj -> C:\Users\Dimon\Desktop\interview\x64\Debug\BallCollision.exe
